
6월 09, 2017 11:27:45.19 NEW SESSION
6월 09, 2017 11:27:45.19 [1464:3680:0609/112745.187:ERROR:audio_manager_base.cc(264)] Invalid audio output parameters received; using fake audio path. Channels: 0, Sample Rate: 0, Bits Per Sample: 0, Frames Per Buffer: 0
6월 09, 2017 11:28:59.43 [1464:3680:0609/112859.432:ERROR:audio_manager_base.cc(264)] Invalid audio output parameters received; using fake audio path. Channels: 0, Sample Rate: 0, Bits Per Sample: 0, Frames Per Buffer: 0
6월 09, 2017 15:28:38.67 [5440:1080:0609/152838.671:ERROR:audio_manager_base.cc(264)] Invalid audio output parameters received; using fake audio path. Channels: 0, Sample Rate: 0, Bits Per Sample: 0, Frames Per Buffer: 0
6월 09, 2017 15:29:17.89 [5440:1080:0609/152917.893:ERROR:audio_manager_base.cc(264)] Invalid audio output parameters received; using fake audio path. Channels: 0, Sample Rate: 0, Bits Per Sample: 0, Frames Per Buffer: 0
6월 09, 2017 16:10:01.59 [3936:952:0609/161001.592:ERROR:service_manager.cc(425)] InterfaceProviderSpec prevented connection from: content_utility to: content_browser
6월 09, 2017 16:13:51.19 [2452:2472:0609/161351.191:ERROR:service_manager.cc(425)] InterfaceProviderSpec prevented connection from: content_utility to: content_browser
6월 09, 2017 16:17:48.18 [1188:4804:0609/161748.187:ERROR:service_manager.cc(425)] InterfaceProviderSpec prevented connection from: content_utility to: content_browser
6월 09, 2017 16:42:24.27 [5716:5112:0609/164224.275:ERROR:service_manager.cc(425)] InterfaceProviderSpec prevented connection from: content_utility to: content_browser
6월 09, 2017 17:10:12.00 [3080:3888:0609/171012.003:ERROR:service_manager.cc(425)] InterfaceProviderSpec prevented connection from: content_utility to: content_browser
6월 09, 2017 17:17:45.64 [3080:3888:0609/171745.646:ERROR:service_manager.cc(158)] Connection InterfaceProviderSpec prevented service: content_plugin from binding interface: memory_instrumentation::mojom::Coordinator exposed by: content_browser
6월 09, 2017 17:19:46.09 [3080:3888:0609/171946.090:ERROR:service_manager.cc(158)] Connection InterfaceProviderSpec prevented service: content_plugin from binding interface: memory_instrumentation::mojom::Coordinator exposed by: content_browser
6월 09, 2017 17:20:39.30 [3080:2888:0609/172039.300:ERROR:audio_manager_base.cc(264)] Invalid audio output parameters received; using fake audio path. Channels: 0, Sample Rate: 0, Bits Per Sample: 0, Frames Per Buffer: 0
6월 09, 2017 17:24:24.41 [3080:2888:0609/172424.412:ERROR:audio_manager_base.cc(264)] Invalid audio output parameters received; using fake audio path. Channels: 0, Sample Rate: 0, Bits Per Sample: 0, Frames Per Buffer: 0
6월 09, 2017 17:25:58.82 [3080:3888:0609/172558.820:ERROR:service_manager.cc(158)] Connection InterfaceProviderSpec prevented service: content_plugin from binding interface: memory_instrumentation::mojom::Coordinator exposed by: content_browser
6월 09, 2017 17:37:34.18 [3080:3888:0609/173734.182:ERROR:service_manager.cc(425)] InterfaceProviderSpec prevented connection from: content_utility to: content_browser
6월 09, 2017 17:37:34.50 [3080:3888:0609/173734.504:ERROR:service_manager.cc(425)] InterfaceProviderSpec prevented connection from: content_utility to: content_browser

6월 12, 2017 11:10:30.73 NEW SESSION
6월 12, 2017 11:10:30.73 [5420:1520:0612/111030.731:ERROR:service_manager.cc(425)] InterfaceProviderSpec prevented connection from: content_utility to: content_browser
6월 12, 2017 11:11:59.27 [5420:1520:0612/111159.275:ERROR:ssl_client_socket_impl.cc(1054)] handshake failed; returned -1, SSL error code 1, net_error -101
6월 12, 2017 11:30:13.57 [5664:5648:0612/113013.572:ERROR:service_manager.cc(425)] InterfaceProviderSpec prevented connection from: content_utility to: content_browser
6월 12, 2017 11:33:25.38 [5664:5900:0612/113325.385:ERROR:audio_manager_base.cc(264)] Invalid audio output parameters received; using fake audio path. Channels: 0, Sample Rate: 0, Bits Per Sample: 0, Frames Per Buffer: 0
6월 12, 2017 11:33:33.24 [5664:5900:0612/113333.246:ERROR:audio_manager_base.cc(264)] Invalid audio output parameters received; using fake audio path. Channels: 0, Sample Rate: 0, Bits Per Sample: 0, Frames Per Buffer: 0
6월 12, 2017 11:44:07.98 [6132:5632:0612/114407.984:ERROR:service_manager.cc(425)] InterfaceProviderSpec prevented connection from: content_utility to: content_browser
6월 12, 2017 13:21:05.50 [6092:4540:0612/132105.501:ERROR:service_manager.cc(425)] InterfaceProviderSpec prevented connection from: content_utility to: content_browser
6월 12, 2017 13:33:40.64 [3900:5808:0612/133340.649:ERROR:service_manager.cc(425)] InterfaceProviderSpec prevented connection from: content_utility to: content_browser
6월 12, 2017 13:37:44.34 [5840:1196:0612/133744.341:ERROR:service_manager.cc(425)] InterfaceProviderSpec prevented connection from: content_utility to: content_browser
6월 12, 2017 13:55:00.02 [5840:1196:0612/135500.029:ERROR:service_manager_context.cc(161)] Attempting to run unsupported native service: C:\Program Files (x86)\Google\Chrome\Application\59.0.3071.86\content_browser.service.exe
6월 12, 2017 13:57:27.20 [3836:3544:0612/135727.206:ERROR:service_manager.cc(425)] InterfaceProviderSpec prevented connection from: content_utility to: content_browser
6월 12, 2017 14:08:01.98 [176:5420:0612/140801.989:ERROR:service_manager.cc(425)] InterfaceProviderSpec prevented connection from: content_utility to: content_browser
6월 12, 2017 14:11:03.94 [5036:1368:0612/141103.942:ERROR:service_manager.cc(425)] InterfaceProviderSpec prevented connection from: content_utility to: content_browser
6월 12, 2017 14:23:36.24 [2792:2708:0612/142336.248:ERROR:service_manager.cc(425)] InterfaceProviderSpec prevented connection from: content_utility to: content_browser
6월 12, 2017 14:25:31.38 [5384:5484:0612/142531.387:ERROR:service_manager.cc(425)] InterfaceProviderSpec prevented connection from: content_utility to: content_browser
6월 12, 2017 15:18:07.48 [5448:1520:0612/151807.480:ERROR:service_manager.cc(425)] InterfaceProviderSpec prevented connection from: content_utility to: content_browser
6월 12, 2017 15:24:14.09 [4540:5408:0612/152414.099:ERROR:service_manager.cc(425)] InterfaceProviderSpec prevented connection from: content_utility to: content_browser
6월 12, 2017 16:06:53.28 [5628:2876:0612/160653.280:ERROR:service_manager.cc(425)] InterfaceProviderSpec prevented connection from: content_utility to: content_browser
6월 12, 2017 16:31:28.12 [1192:2572:0612/163128.122:ERROR:service_manager.cc(425)] InterfaceProviderSpec prevented connection from: content_utility to: content_browser
6월 12, 2017 16:32:45.57 [2708:2720:0612/163245.570:ERROR:service_manager.cc(425)] InterfaceProviderSpec prevented connection from: content_utility to: content_browser
6월 12, 2017 16:33:51.69 [2708:2720:0612/163351.698:ERROR:service_manager.cc(425)] InterfaceProviderSpec prevented connection from: content_utility to: content_browser
6월 12, 2017 16:40:32.60 [2708:2720:0612/164032.604:ERROR:service_manager_context.cc(161)] Attempting to run unsupported native service: C:\Program Files (x86)\Google\Chrome\Application\59.0.3071.86\content_browser.service.exe
6월 12, 2017 16:40:32.60 [2708:2720:0612/164032.604:ERROR:service_manager_context.cc(161)] Attempting to run unsupported native service: C:\Program Files (x86)\Google\Chrome\Application\59.0.3071.86\content_browser.service.exe
6월 12, 2017 16:40:32.61 [2708:2720:0612/164032.604:ERROR:service_manager_context.cc(161)] Attempting to run unsupported native service: C:\Program Files (x86)\Google\Chrome\Application\59.0.3071.86\content_browser.service.exe
6월 12, 2017 17:07:44.72 [4472:3744:0612/170744.729:ERROR:service_manager.cc(425)] InterfaceProviderSpec prevented connection from: content_utility to: content_browser
6월 12, 2017 17:09:04.27 [4472:3744:0612/170904.270:ERROR:service_manager.cc(425)] InterfaceProviderSpec prevented connection from: content_utility to: content_browser
6월 12, 2017 17:12:24.31 [5328:5424:0612/171224.313:ERROR:service_manager.cc(425)] InterfaceProviderSpec prevented connection from: content_utility to: content_browser
6월 12, 2017 17:22:51.35 [2608:3176:0612/172251.357:ERROR:service_manager.cc(425)] InterfaceProviderSpec prevented connection from: content_utility to: content_browser
6월 12, 2017 17:38:54.38 [5288:6096:0612/173854.386:ERROR:service_manager.cc(425)] InterfaceProviderSpec prevented connection from: content_utility to: content_browser
6월 12, 2017 17:48:36.20 [4688:2480:0612/174836.203:ERROR:service_manager.cc(425)] InterfaceProviderSpec prevented connection from: content_utility to: content_browser

6월 13, 2017 08:39:50.58 NEW SESSION
6월 13, 2017 08:39:50.58 [5628:5436:0613/083950.581:ERROR:service_manager.cc(425)] InterfaceProviderSpec prevented connection from: content_utility to: content_browser
6월 13, 2017 09:03:56.53 [1040:1844:0613/090356.532:ERROR:service_manager.cc(425)] InterfaceProviderSpec prevented connection from: content_utility to: content_browser
6월 13, 2017 09:08:01.29 [1040:1844:0613/090801.290:ERROR:service_manager.cc(425)] InterfaceProviderSpec prevented connection from: content_utility to: content_browser
6월 13, 2017 09:09:20.12 [1040:1844:0613/090920.123:ERROR:service_manager.cc(425)] InterfaceProviderSpec prevented connection from: content_utility to: content_browser
6월 13, 2017 09:09:20.15 [1040:1844:0613/090920.154:ERROR:service_manager.cc(425)] InterfaceProviderSpec prevented connection from: content_utility to: content_browser
6월 13, 2017 09:09:20.18 [1040:1844:0613/090920.185:ERROR:service_manager.cc(425)] InterfaceProviderSpec prevented connection from: content_utility to: content_browser
6월 13, 2017 09:09:20.21 [1040:1844:0613/090920.216:ERROR:service_manager.cc(425)] InterfaceProviderSpec prevented connection from: content_utility to: content_browser
6월 13, 2017 09:09:20.24 [1040:1844:0613/090920.248:ERROR:service_manager.cc(425)] InterfaceProviderSpec prevented connection from: content_utility to: content_browser
6월 13, 2017 09:09:20.27 [1040:1844:0613/090920.279:ERROR:service_manager.cc(425)] InterfaceProviderSpec prevented connection from: content_utility to: content_browser
6월 13, 2017 09:09:20.31 [1040:1844:0613/090920.310:ERROR:service_manager.cc(425)] InterfaceProviderSpec prevented connection from: content_utility to: content_browser
6월 13, 2017 09:09:20.34 [1040:1844:0613/090920.341:ERROR:service_manager.cc(425)] InterfaceProviderSpec prevented connection from: content_utility to: content_browser
6월 13, 2017 09:09:20.37 [1040:1844:0613/090920.372:ERROR:service_manager.cc(425)] InterfaceProviderSpec prevented connection from: content_utility to: content_browser
6월 13, 2017 09:09:20.40 [1040:1844:0613/090920.404:ERROR:service_manager.cc(425)] InterfaceProviderSpec prevented connection from: content_utility to: content_browser
6월 13, 2017 09:09:20.45 [1040:1844:0613/090920.450:ERROR:service_manager.cc(425)] InterfaceProviderSpec prevented connection from: content_utility to: content_browser
6월 13, 2017 09:09:20.48 [1040:1844:0613/090920.482:ERROR:service_manager.cc(425)] InterfaceProviderSpec prevented connection from: content_utility to: content_browser
6월 13, 2017 09:09:20.51 [1040:1844:0613/090920.513:ERROR:service_manager.cc(425)] InterfaceProviderSpec prevented connection from: content_utility to: content_browser
6월 13, 2017 09:24:46.07 [1640:5216:0613/092446.075:ERROR:service_manager.cc(425)] InterfaceProviderSpec prevented connection from: content_utility to: content_browser
6월 13, 2017 09:46:03.40 [5640:3616:0613/094603.405:ERROR:service_manager.cc(425)] InterfaceProviderSpec prevented connection from: content_utility to: content_browser
6월 13, 2017 10:07:16.08 [1640:6100:0613/100716.080:ERROR:service_manager.cc(425)] InterfaceProviderSpec prevented connection from: content_utility to: content_browser
6월 13, 2017 10:10:15.96 [1640:6100:0613/101015.965:ERROR:service_manager.cc(425)] InterfaceProviderSpec prevented connection from: content_utility to: content_browser
6월 13, 2017 10:41:00.31 [3636:6072:0613/104100.317:ERROR:service_manager.cc(425)] InterfaceProviderSpec prevented connection from: content_utility to: content_browser
6월 13, 2017 10:42:15.83 [6080:5820:0613/104215.837:ERROR:service_manager.cc(425)] InterfaceProviderSpec prevented connection from: content_utility to: content_browser
6월 13, 2017 10:57:35.66 [6080:1064:0613/105735.662:ERROR:audio_manager_base.cc(264)] Invalid audio output parameters received; using fake audio path. Channels: 0, Sample Rate: 0, Bits Per Sample: 0, Frames Per Buffer: 0
6월 13, 2017 10:58:22.47 [6080:1064:0613/105822.471:ERROR:audio_manager_base.cc(264)] Invalid audio output parameters received; using fake audio path. Channels: 0, Sample Rate: 0, Bits Per Sample: 0, Frames Per Buffer: 0
6월 13, 2017 10:59:45.07 [6080:1064:0613/105945.075:ERROR:audio_manager_base.cc(264)] Invalid audio output parameters received; using fake audio path. Channels: 0, Sample Rate: 0, Bits Per Sample: 0, Frames Per Buffer: 0
6월 13, 2017 14:15:48.28 [5804:3416:0613/141548.283:ERROR:service_manager.cc(425)] InterfaceProviderSpec prevented connection from: content_utility to: content_browser
6월 13, 2017 14:32:57.48 [3912:4004:0613/143257.480:ERROR:service_manager.cc(425)] InterfaceProviderSpec prevented connection from: content_utility to: content_browser
6월 13, 2017 14:44:10.10 [5276:5708:0613/144410.109:ERROR:service_manager.cc(425)] InterfaceProviderSpec prevented connection from: content_utility to: content_browser
6월 13, 2017 14:56:59.66 [5276:4668:0613/145659.666:ERROR:audio_manager_base.cc(264)] Invalid audio output parameters received; using fake audio path. Channels: 0, Sample Rate: 0, Bits Per Sample: 0, Frames Per Buffer: 0
6월 13, 2017 14:57:02.99 [5276:4668:0613/145702.990:ERROR:audio_manager_base.cc(264)] Invalid audio output parameters received; using fake audio path. Channels: 0, Sample Rate: 0, Bits Per Sample: 0, Frames Per Buffer: 0
6월 13, 2017 14:58:15.80 [5276:4668:0613/145815.807:ERROR:audio_manager_base.cc(264)] Invalid audio output parameters received; using fake audio path. Channels: 0, Sample Rate: 0, Bits Per Sample: 0, Frames Per Buffer: 0
6월 13, 2017 14:58:30.37 [5276:4668:0613/145830.376:ERROR:audio_manager_base.cc(264)] Invalid audio output parameters received; using fake audio path. Channels: 0, Sample Rate: 0, Bits Per Sample: 0, Frames Per Buffer: 0
6월 13, 2017 14:58:39.21 [5276:4668:0613/145839.215:ERROR:audio_manager_base.cc(264)] Invalid audio output parameters received; using fake audio path. Channels: 0, Sample Rate: 0, Bits Per Sample: 0, Frames Per Buffer: 0
6월 13, 2017 14:59:15.87 [5276:4668:0613/145915.878:ERROR:audio_manager_base.cc(264)] Invalid audio output parameters received; using fake audio path. Channels: 0, Sample Rate: 0, Bits Per Sample: 0, Frames Per Buffer: 0
6월 13, 2017 15:00:17.14 [5276:4668:0613/150017.147:ERROR:audio_manager_base.cc(264)] Invalid audio output parameters received; using fake audio path. Channels: 0, Sample Rate: 0, Bits Per Sample: 0, Frames Per Buffer: 0
6월 13, 2017 15:00:20.42 [5276:4668:0613/150020.419:ERROR:audio_manager_base.cc(264)] Invalid audio output parameters received; using fake audio path. Channels: 0, Sample Rate: 0, Bits Per Sample: 0, Frames Per Buffer: 0
6월 13, 2017 15:00:54.14 [5276:4668:0613/150054.144:ERROR:audio_manager_base.cc(264)] Invalid audio output parameters received; using fake audio path. Channels: 0, Sample Rate: 0, Bits Per Sample: 0, Frames Per Buffer: 0
6월 13, 2017 15:00:59.83 [5276:4668:0613/150059.834:ERROR:audio_manager_base.cc(264)] Invalid audio output parameters received; using fake audio path. Channels: 0, Sample Rate: 0, Bits Per Sample: 0, Frames Per Buffer: 0
6월 13, 2017 15:12:40.94 [4040:5956:0613/151240.944:ERROR:service_manager.cc(425)] InterfaceProviderSpec prevented connection from: content_utility to: content_browser
6월 13, 2017 15:23:54.75 [5988:3232:0613/152354.750:ERROR:service_manager.cc(425)] InterfaceProviderSpec prevented connection from: content_utility to: content_browser
6월 13, 2017 15:52:29.75 [4560:5148:0613/155229.757:ERROR:service_manager.cc(425)] InterfaceProviderSpec prevented connection from: content_utility to: content_browser
6월 13, 2017 16:30:36.17 [5768:6068:0613/163036.175:ERROR:service_manager.cc(425)] InterfaceProviderSpec prevented connection from: content_utility to: content_browser
6월 13, 2017 17:14:53.60 [4192:6108:0613/171453.608:ERROR:service_manager.cc(425)] InterfaceProviderSpec prevented connection from: content_utility to: content_browser
6월 13, 2017 17:18:49.69 [3032:5384:0613/171849.695:ERROR:service_manager.cc(425)] InterfaceProviderSpec prevented connection from: content_utility to: content_browser
6월 13, 2017 17:22:39.70 [3032:5384:0613/172239.706:ERROR:service_manager.cc(425)] InterfaceProviderSpec prevented connection from: content_utility to: content_browser
6월 13, 2017 17:26:11.33 [4396:2232:0613/172611.336:ERROR:service_manager.cc(425)] InterfaceProviderSpec prevented connection from: content_utility to: content_browser
6월 13, 2017 17:29:17.39 [4396:2232:0613/172917.390:ERROR:service_manager.cc(425)] InterfaceProviderSpec prevented connection from: content_utility to: content_browser
6월 13, 2017 17:30:58.85 [1428:5224:0613/173058.853:ERROR:service_manager.cc(425)] InterfaceProviderSpec prevented connection from: content_utility to: content_browser

6월 14, 2017 13:04:01.85 NEW SESSION
6월 14, 2017 13:04:01.85 [3948:5460:0614/130401.853:ERROR:service_manager.cc(425)] InterfaceProviderSpec prevented connection from: content_utility to: content_browser
6월 14, 2017 13:08:20.55 [3384:6848:0614/130820.553:ERROR:service_manager.cc(425)] InterfaceProviderSpec prevented connection from: content_utility to: content_browser
6월 14, 2017 13:22:15.86 [4892:5840:0614/132215.861:ERROR:service_manager.cc(425)] InterfaceProviderSpec prevented connection from: content_utility to: content_browser
6월 14, 2017 13:47:17.17 [6704:4232:0614/134717.174:ERROR:service_manager.cc(425)] InterfaceProviderSpec prevented connection from: content_utility to: content_browser
6월 14, 2017 13:50:44.22 [220:2852:0614/135044.219:ERROR:service_manager.cc(425)] InterfaceProviderSpec prevented connection from: content_utility to: content_browser
6월 14, 2017 13:57:58.23 [3840:6776:0614/135758.232:ERROR:service_manager.cc(425)] InterfaceProviderSpec prevented connection from: content_utility to: content_browser
6월 14, 2017 15:05:41.60 [3336:5220:0614/150541.602:ERROR:service_manager.cc(425)] InterfaceProviderSpec prevented connection from: content_utility to: content_browser
6월 14, 2017 15:49:46.07 [3336:5220:0614/154946.079:ERROR:service_manager.cc(425)] InterfaceProviderSpec prevented connection from: content_utility to: content_browser
6월 14, 2017 16:26:35.06 [2612:2932:0614/162635.065:ERROR:service_manager.cc(425)] InterfaceProviderSpec prevented connection from: content_utility to: content_browser
6월 14, 2017 17:21:31.36 [7028:6884:0614/172131.362:ERROR:service_manager.cc(425)] InterfaceProviderSpec prevented connection from: content_utility to: content_browser

6월 15, 2017 10:31:39.04 NEW SESSION
6월 15, 2017 10:31:39.04 [2752:3908:0615/103139.044:ERROR:service_manager.cc(425)] InterfaceProviderSpec prevented connection from: content_utility to: content_browser
6월 15, 2017 10:46:22.63 [4936:6788:0615/104622.637:ERROR:service_manager.cc(425)] InterfaceProviderSpec prevented connection from: content_utility to: content_browser
6월 15, 2017 10:48:03.30 [5200:1376:0615/104803.309:ERROR:service_manager.cc(425)] InterfaceProviderSpec prevented connection from: content_utility to: content_browser

6월 15, 2017 10:53:25.69 NEW SESSION
6월 15, 2017 10:53:25.69 [3800:1260:0615/105325.690:ERROR:service_manager.cc(425)] InterfaceProviderSpec prevented connection from: content_utility to: content_browser
6월 15, 2017 11:12:37.84 [6480:3908:0615/111237.843:ERROR:service_manager.cc(425)] InterfaceProviderSpec prevented connection from: content_utility to: content_browser
6월 15, 2017 11:23:32.37 [6276:3732:0615/112332.371:ERROR:service_manager.cc(425)] InterfaceProviderSpec prevented connection from: content_utility to: content_browser
6월 15, 2017 12:45:29.49 [6276:3732:0615/124529.495:ERROR:service_manager.cc(425)] InterfaceProviderSpec prevented connection from: content_utility to: content_browser
6월 15, 2017 13:12:36.02 [3892:7156:0615/131236.026:ERROR:service_manager.cc(425)] InterfaceProviderSpec prevented connection from: content_utility to: content_browser
6월 15, 2017 13:55:17.00 [3892:7156:0615/135517.004:ERROR:service_manager.cc(158)] Connection InterfaceProviderSpec prevented service: content_plugin from binding interface: memory_instrumentation::mojom::Coordinator exposed by: content_browser
6월 15, 2017 14:00:06.66 [3892:7156:0615/140006.660:ERROR:service_manager.cc(158)] Connection InterfaceProviderSpec prevented service: content_plugin from binding interface: memory_instrumentation::mojom::Coordinator exposed by: content_browser

6월 15, 2017 14:27:12.03 NEW SESSION
6월 15, 2017 14:27:12.03 [6804:2132:0615/142712.035:ERROR:CONSOLE(280)] "IndexedDBAgent error: Could not obtain database names.", source: chrome-devtools://devtools/bundled/resources/resources_module.js (280)
6월 15, 2017 15:23:28.37 [4988:4064:0615/152328.377:ERROR:service_manager.cc(425)] InterfaceProviderSpec prevented connection from: content_utility to: content_browser
